<?xml version="1.0" encoding="UTF-8"?>
<!-- Generated by org.testng.reporters.JUnitReportReporter -->
<testsuite hostname="dangkhoadn" failures="0" tests="1" name="newpackage.FirstTestNG" time="11.237" errors="0" timestamp="2020-10-21T12:18:36 ICT" skipped="0">
  <testcase classname="newpackage.FirstTestNG" name="verifyHomepageTitle" time="11.237"/>
  <system-out/>
</testsuite> <!-- newpackage.FirstTestNG -->
